<?xml version="1.0" encoding="UTF-8"?>
<coverage generated="1761499371332" clover="3.2.0">
  <project timestamp="1761499371332" name="All files">
    <metrics statements="102" coveredstatements="88" conditionals="43" coveredconditionals="36" methods="22" coveredmethods="18" elements="167" coveredelements="142" complexity="0" loc="102" ncloc="102" packages="1" files="3" classes="3"/>
    <file name="Participante.ts" path="C:\Users\PcVIP\Desktop\Opcion-A-Sorteo-de-la-Cesta-de-Navidad\sorteo-frontend\src\Participante.ts">
      <metrics statements="17" coveredstatements="15" conditionals="12" coveredconditionals="9" methods="3" coveredmethods="2"/>
      <line num="2" count="1" type="stmt"/>
      <line num="5" count="1" type="stmt"/>
      <line num="7" count="0" type="stmt"/>
      <line num="8" count="0" type="stmt"/>
      <line num="12" count="5" type="stmt"/>
      <line num="13" count="5" type="stmt"/>
      <line num="16" count="1" type="stmt"/>
      <line num="24" count="9" type="cond" truecount="1" falsecount="1"/>
      <line num="25" count="9" type="cond" truecount="1" falsecount="1"/>
      <line num="28" count="9" type="cond" truecount="4" falsecount="0"/>
      <line num="29" count="4" type="stmt"/>
      <line num="33" count="5" type="cond" truecount="2" falsecount="0"/>
      <line num="34" count="2" type="stmt"/>
      <line num="38" count="3" type="cond" truecount="1" falsecount="1"/>
      <line num="39" count="3" type="stmt"/>
      <line num="40" count="3" type="stmt"/>
      <line num="41" count="3" type="stmt"/>
    </file>
    <file name="Sorteo.ts" path="C:\Users\PcVIP\Desktop\Opcion-A-Sorteo-de-la-Cesta-de-Navidad\sorteo-frontend\src\Sorteo.ts">
      <metrics statements="78" coveredstatements="73" conditionals="31" coveredconditionals="27" methods="16" coveredmethods="16"/>
      <line num="8" count="1" type="stmt"/>
      <line num="9" count="1" type="stmt"/>
      <line num="18" count="36" type="cond" truecount="5" falsecount="0"/>
      <line num="19" count="3" type="stmt"/>
      <line num="23" count="1" type="stmt"/>
      <line num="24" count="26" type="stmt"/>
      <line num="25" count="26" type="stmt"/>
      <line num="28" count="26" type="stmt"/>
      <line num="32" count="47" type="stmt"/>
      <line num="33" count="47" type="stmt"/>
      <line num="34" count="4700" type="stmt"/>
      <line num="38" count="59" type="stmt"/>
      <line num="40" count="59" type="stmt"/>
      <line num="41" count="59" type="stmt"/>
      <line num="43" count="59" type="stmt"/>
      <line num="44" count="59" type="stmt"/>
      <line num="46" count="0" type="stmt"/>
      <line num="51" count="26" type="stmt"/>
      <line num="53" count="26" type="cond" truecount="2" falsecount="0"/>
      <line num="54" count="5" type="stmt"/>
      <line num="55" count="5" type="stmt"/>
      <line num="58" count="21" type="stmt"/>
      <line num="59" count="21" type="stmt"/>
      <line num="62" count="2" type="stmt"/>
      <line num="64" count="2" type="stmt"/>
      <line num="69" count="2" type="stmt"/>
      <line num="72" count="2" type="cond" truecount="1" falsecount="1"/>
      <line num="73" count="0" type="stmt"/>
      <line num="74" count="0" type="stmt"/>
      <line num="75" count="0" type="stmt"/>
      <line num="79" count="19" type="stmt"/>
      <line num="80" count="19" type="stmt"/>
      <line num="85" count="35" type="cond" truecount="3" falsecount="1"/>
      <line num="86" count="0" type="stmt"/>
      <line num="89" count="35" type="stmt"/>
      <line num="90" count="35" type="stmt"/>
      <line num="91" count="16" type="cond" truecount="2" falsecount="0"/>
      <line num="92" count="1" type="stmt"/>
      <line num="96" count="34" type="stmt"/>
      <line num="97" count="34" type="stmt"/>
      <line num="98" count="34" type="stmt"/>
      <line num="99" count="34" type="stmt"/>
      <line num="103" count="6" type="stmt"/>
      <line num="107" count="26" type="stmt"/>
      <line num="108" count="26" type="stmt"/>
      <line num="109" count="26" type="cond" truecount="2" falsecount="0"/>
      <line num="111" count="25" type="stmt"/>
      <line num="112" count="25" type="cond" truecount="2" falsecount="0"/>
      <line num="114" count="24" type="stmt"/>
      <line num="115" count="24" type="stmt"/>
      <line num="116" count="24" type="stmt"/>
      <line num="120" count="2" type="stmt"/>
      <line num="121" count="2" type="stmt"/>
      <line num="122" count="2" type="cond" truecount="2" falsecount="0"/>
      <line num="123" count="1" type="stmt"/>
      <line num="124" count="1" type="stmt"/>
      <line num="125" count="1" type="stmt"/>
      <line num="129" count="3" type="stmt"/>
      <line num="130" count="3" type="stmt"/>
      <line num="131" count="3" type="cond" truecount="2" falsecount="0"/>
      <line num="132" count="2" type="stmt"/>
      <line num="136" count="2" type="cond" truecount="1" falsecount="1"/>
      <line num="137" count="2" type="stmt"/>
      <line num="138" count="2" type="stmt"/>
      <line num="139" count="200" type="cond" truecount="2" falsecount="0"/>
      <line num="141" count="3" type="stmt"/>
      <line num="145" count="5" type="stmt"/>
      <line num="146" count="2" type="stmt"/>
      <line num="147" count="2" type="cond" truecount="2" falsecount="0"/>
      <line num="148" count="1" type="stmt"/>
      <line num="149" count="1" type="cond" truecount="1" falsecount="1"/>
      <line num="150" count="1" type="stmt"/>
      <line num="154" count="6" type="stmt"/>
      <line num="158" count="2" type="stmt"/>
      <line num="159" count="2" type="stmt"/>
      <line num="160" count="2" type="stmt"/>
      <line num="161" count="2" type="stmt"/>
      <line num="162" count="2" type="stmt"/>
    </file>
    <file name="counter.ts" path="C:\Users\PcVIP\Desktop\Opcion-A-Sorteo-de-la-Cesta-de-Navidad\sorteo-frontend\src\counter.ts">
      <metrics statements="7" coveredstatements="0" conditionals="0" coveredconditionals="0" methods="3" coveredmethods="0"/>
      <line num="1" count="0" type="stmt"/>
      <line num="2" count="0" type="stmt"/>
      <line num="3" count="0" type="stmt"/>
      <line num="4" count="0" type="stmt"/>
      <line num="5" count="0" type="stmt"/>
      <line num="7" count="0" type="stmt"/>
      <line num="8" count="0" type="stmt"/>
    </file>
  </project>
</coverage>
