{"C:\\Users\\PcVIP\\Desktop\\Opcion-A-Sorteo-de-la-Cesta-de-Navidad\\sorteo-frontend\\src\\Participante.ts": {"path":"C:\\Users\\PcVIP\\Desktop\\Opcion-A-Sorteo-de-la-Cesta-de-Navidad\\sorteo-frontend\\src\\Participante.ts","statementMap":{"0":{"start":{"line":2,"column":0},"end":{"line":2,"column":43}},"1":{"start":{"line":5,"column":14},"end":{"line":5,"column":15}},"2":{"start":{"line":7,"column":4},"end":{"line":7,"column":17}},"3":{"start":{"line":8,"column":4},"end":{"line":8,"column":40}},"4":{"start":{"line":12,"column":15},"end":{"line":12,"column":43}},"5":{"start":{"line":13,"column":4},"end":{"line":13,"column":26}},"6":{"start":{"line":24,"column":29},"end":{"line":24,"column":53}},"7":{"start":{"line":25,"column":30},"end":{"line":25,"column":55}},"8":{"start":{"line":28,"column":8},"end":{"line":30,"column":9}},"9":{"start":{"line":29,"column":12},"end":{"line":29,"column":74}},"10":{"start":{"line":33,"column":8},"end":{"line":35,"column":9}},"11":{"start":{"line":34,"column":12},"end":{"line":34,"column":58}},"12":{"start":{"line":38,"column":8},"end":{"line":38,"column":37}},"13":{"start":{"line":39,"column":8},"end":{"line":39,"column":36}},"14":{"start":{"line":40,"column":8},"end":{"line":40,"column":34}},"15":{"start":{"line":41,"column":8},"end":{"line":41,"column":46}},"16":{"start":{"line":16,"column":0},"end":{"line":16,"column":13}}},"fnMap":{"0":{"name":"genId","decl":{"start":{"line":6,"column":9},"end":{"line":6,"column":14}},"loc":{"start":{"line":6,"column":14},"end":{"line":9,"column":1}}},"1":{"name":"isValidEmail","decl":{"start":{"line":11,"column":9},"end":{"line":11,"column":21}},"loc":{"start":{"line":11,"column":35},"end":{"line":14,"column":1}}},"2":{"name":"(anonymous_2)","decl":{"start":{"line":22,"column":4},"end":{"line":22,"column":16}},"loc":{"start":{"line":22,"column":39},"end":{"line":42,"column":5}}}},"branchMap":{"0":{"loc":{"start":{"line":24,"column":29},"end":{"line":24,"column":53}},"type":"binary-expr","locations":[{"start":{"line":24,"column":29},"end":{"line":24,"column":47}},{"start":{"line":24,"column":51},"end":{"line":24,"column":53}}]},"1":{"loc":{"start":{"line":25,"column":30},"end":{"line":25,"column":55}},"type":"binary-expr","locations":[{"start":{"line":25,"column":30},"end":{"line":25,"column":49}},{"start":{"line":25,"column":53},"end":{"line":25,"column":55}}]},"2":{"loc":{"start":{"line":28,"column":8},"end":{"line":30,"column":9}},"type":"if","locations":[{"start":{"line":28,"column":8},"end":{"line":30,"column":9}},{"start":{},"end":{}}]},"3":{"loc":{"start":{"line":28,"column":12},"end":{"line":28,"column":43}},"type":"binary-expr","locations":[{"start":{"line":28,"column":12},"end":{"line":28,"column":26}},{"start":{"line":28,"column":30},"end":{"line":28,"column":43}}]},"4":{"loc":{"start":{"line":33,"column":8},"end":{"line":35,"column":9}},"type":"if","locations":[{"start":{"line":33,"column":8},"end":{"line":35,"column":9}},{"start":{},"end":{}}]},"5":{"loc":{"start":{"line":38,"column":18},"end":{"line":38,"column":36}},"type":"binary-expr","locations":[{"start":{"line":38,"column":18},"end":{"line":38,"column":25}},{"start":{"line":38,"column":29},"end":{"line":38,"column":36}}]}},"s":{"0":1,"1":1,"2":0,"3":0,"4":5,"5":5,"6":9,"7":9,"8":9,"9":4,"10":5,"11":2,"12":3,"13":3,"14":3,"15":3,"16":1},"f":{"0":0,"1":5,"2":9},"b":{"0":[9,0],"1":[9,0],"2":[4,5],"3":[9,7],"4":[2,3],"5":[3,0]}}
,"C:\\Users\\PcVIP\\Desktop\\Opcion-A-Sorteo-de-la-Cesta-de-Navidad\\sorteo-frontend\\src\\Sorteo.ts": {"path":"C:\\Users\\PcVIP\\Desktop\\Opcion-A-Sorteo-de-la-Cesta-de-Navidad\\sorteo-frontend\\src\\Sorteo.ts","statementMap":{"0":{"start":{"line":8,"column":0},"end":{"line":8,"column":46}},"1":{"start":{"line":9,"column":0},"end":{"line":9,"column":null}},"2":{"start":{"line":18,"column":4},"end":{"line":20,"column":5}},"3":{"start":{"line":19,"column":8},"end":{"line":19,"column":72}},"4":{"start":{"line":24,"column":4},"end":{"line":24,"column":58}},"5":{"start":{"line":25,"column":4},"end":{"line":25,"column":71}},"6":{"start":{"line":28,"column":8},"end":{"line":28,"column":28}},"7":{"start":{"line":32,"column":8},"end":{"line":32,"column":39}},"8":{"start":{"line":33,"column":8},"end":{"line":33,"column":45}},"9":{"start":{"line":34,"column":8},"end":{"line":34,"column":76}},"10":{"start":{"line":34,"column":21},"end":{"line":34,"column":22}},"11":{"start":{"line":34,"column":38},"end":{"line":34,"column":76}},"12":{"start":{"line":38,"column":8},"end":{"line":47,"column":9}},"13":{"start":{"line":40,"column":34},"end":{"line":40,"column":74}},"14":{"start":{"line":41,"column":28},"end":{"line":41,"column":74}},"15":{"start":{"line":43,"column":27},"end":{"line":43,"column":53}},"16":{"start":{"line":44,"column":12},"end":{"line":44,"column":73}},"17":{"start":{"line":46,"column":12},"end":{"line":46,"column":72}},"18":{"start":{"line":51,"column":31},"end":{"line":51,"column":67}},"19":{"start":{"line":53,"column":8},"end":{"line":56,"column":9}},"20":{"start":{"line":54,"column":12},"end":{"line":54,"column":43}},"21":{"start":{"line":55,"column":12},"end":{"line":55,"column":19}},"22":{"start":{"line":58,"column":8},"end":{"line":81,"column":9}},"23":{"start":{"line":59,"column":47},"end":{"line":59,"column":73}},"24":{"start":{"line":62,"column":12},"end":{"line":66,"column":14}},"25":{"start":{"line":64,"column":20},"end":{"line":64,"column":57}},"26":{"start":{"line":69,"column":12},"end":{"line":69,"column":56}},"27":{"start":{"line":72,"column":12},"end":{"line":76,"column":13}},"28":{"start":{"line":73,"column":16},"end":{"line":73,"column":81}},"29":{"start":{"line":74,"column":16},"end":{"line":74,"column":47}},"30":{"start":{"line":75,"column":16},"end":{"line":75,"column":47}},"31":{"start":{"line":79,"column":12},"end":{"line":79,"column":69}},"32":{"start":{"line":80,"column":12},"end":{"line":80,"column":43}},"33":{"start":{"line":85,"column":8},"end":{"line":87,"column":9}},"34":{"start":{"line":86,"column":12},"end":{"line":86,"column":74}},"35":{"start":{"line":89,"column":27},"end":{"line":89,"column":51}},"36":{"start":{"line":90,"column":8},"end":{"line":94,"column":9}},"37":{"start":{"line":91,"column":12},"end":{"line":93,"column":13}},"38":{"start":{"line":92,"column":16},"end":{"line":92,"column":96}},"39":{"start":{"line":96,"column":18},"end":{"line":96,"column":40}},"40":{"start":{"line":97,"column":8},"end":{"line":97,"column":40}},"41":{"start":{"line":98,"column":8},"end":{"line":98,"column":29}},"42":{"start":{"line":99,"column":8},"end":{"line":99,"column":17}},"43":{"start":{"line":103,"column":8},"end":{"line":103,"column":55}},"44":{"start":{"line":107,"column":8},"end":{"line":107,"column":31}},"45":{"start":{"line":108,"column":29},"end":{"line":108,"column":67}},"46":{"start":{"line":109,"column":8},"end":{"line":109,"column":82}},"47":{"start":{"line":109,"column":27},"end":{"line":109,"column":82}},"48":{"start":{"line":111,"column":24},"end":{"line":111,"column":60}},"49":{"start":{"line":112,"column":8},"end":{"line":112,"column":120}},"50":{"start":{"line":112,"column":21},"end":{"line":112,"column":120}},"51":{"start":{"line":114,"column":8},"end":{"line":114,"column":61}},"52":{"start":{"line":115,"column":8},"end":{"line":115,"column":29}},"53":{"start":{"line":116,"column":8},"end":{"line":116,"column":42}},"54":{"start":{"line":120,"column":8},"end":{"line":120,"column":31}},"55":{"start":{"line":121,"column":24},"end":{"line":121,"column":60}},"56":{"start":{"line":122,"column":8},"end":{"line":122,"column":117}},"57":{"start":{"line":122,"column":22},"end":{"line":122,"column":117}},"58":{"start":{"line":123,"column":8},"end":{"line":123,"column":51}},"59":{"start":{"line":124,"column":8},"end":{"line":124,"column":29}},"60":{"start":{"line":125,"column":8},"end":{"line":125,"column":51}},"61":{"start":{"line":129,"column":8},"end":{"line":129,"column":31}},"62":{"start":{"line":130,"column":20},"end":{"line":130,"column":56}},"63":{"start":{"line":131,"column":8},"end":{"line":131,"column":35}},"64":{"start":{"line":131,"column":18},"end":{"line":131,"column":35}},"65":{"start":{"line":132,"column":8},"end":{"line":132,"column":43}},"66":{"start":{"line":136,"column":8},"end":{"line":136,"column":108}},"67":{"start":{"line":136,"column":53},"end":{"line":136,"column":108}},"68":{"start":{"line":137,"column":37},"end":{"line":137,"column":39}},"69":{"start":{"line":138,"column":8},"end":{"line":140,"column":9}},"70":{"start":{"line":139,"column":12},"end":{"line":139,"column":54}},"71":{"start":{"line":139,"column":40},"end":{"line":139,"column":54}},"72":{"start":{"line":141,"column":8},"end":{"line":141,"column":41}},"73":{"start":{"line":141,"column":34},"end":{"line":141,"column":39}},"74":{"start":{"line":145,"column":8},"end":{"line":145,"column":31}},"75":{"start":{"line":146,"column":20},"end":{"line":146,"column":56}},"76":{"start":{"line":147,"column":8},"end":{"line":147,"column":35}},"77":{"start":{"line":147,"column":18},"end":{"line":147,"column":35}},"78":{"start":{"line":148,"column":29},"end":{"line":148,"column":56}},"79":{"start":{"line":149,"column":8},"end":{"line":149,"column":90}},"80":{"start":{"line":149,"column":27},"end":{"line":149,"column":90}},"81":{"start":{"line":150,"column":8},"end":{"line":150,"column":28}},"82":{"start":{"line":154,"column":8},"end":{"line":154,"column":84}},"83":{"start":{"line":158,"column":25},"end":{"line":158,"column":93}},"84":{"start":{"line":159,"column":23},"end":{"line":159,"column":37}},"85":{"start":{"line":160,"column":36},"end":{"line":160,"column":59}},"86":{"start":{"line":161,"column":36},"end":{"line":161,"column":83}},"87":{"start":{"line":162,"column":8},"end":{"line":162,"column":78}},"88":{"start":{"line":23,"column":0},"end":{"line":23,"column":13}}},"fnMap":{"0":{"name":"validateNumero","decl":{"start":{"line":17,"column":9},"end":{"line":17,"column":23}},"loc":{"start":{"line":17,"column":33},"end":{"line":21,"column":1}}},"1":{"name":"(anonymous_1)","decl":{"start":{"line":27,"column":4},"end":{"line":27,"column":null}},"loc":{"start":{"line":27,"column":4},"end":{"line":29,"column":5}}},"2":{"name":"(anonymous_2)","decl":{"start":{"line":31,"column":4},"end":{"line":31,"column":27}},"loc":{"start":{"line":31,"column":27},"end":{"line":35,"column":5}}},"3":{"name":"(anonymous_3)","decl":{"start":{"line":37,"column":4},"end":{"line":37,"column":17}},"loc":{"start":{"line":37,"column":17},"end":{"line":48,"column":5}}},"4":{"name":"(anonymous_4)","decl":{"start":{"line":50,"column":4},"end":{"line":50,"column":16}},"loc":{"start":{"line":50,"column":16},"end":{"line":82,"column":5}}},"5":{"name":"(anonymous_5)","decl":{"start":{"line":63,"column":34},"end":{"line":63,"column":35}},"loc":{"start":{"line":63,"column":79},"end":{"line":65,"column":17}}},"6":{"name":"(anonymous_6)","decl":{"start":{"line":84,"column":4},"end":{"line":84,"column":25}},"loc":{"start":{"line":84,"column":49},"end":{"line":100,"column":5}}},"7":{"name":"(anonymous_7)","decl":{"start":{"line":102,"column":4},"end":{"line":102,"column":21}},"loc":{"start":{"line":102,"column":21},"end":{"line":104,"column":5}}},"8":{"name":"(anonymous_8)","decl":{"start":{"line":106,"column":4},"end":{"line":106,"column":17}},"loc":{"start":{"line":106,"column":63},"end":{"line":117,"column":5}}},"9":{"name":"(anonymous_9)","decl":{"start":{"line":119,"column":4},"end":{"line":119,"column":17}},"loc":{"start":{"line":119,"column":39},"end":{"line":126,"column":5}}},"10":{"name":"(anonymous_10)","decl":{"start":{"line":128,"column":4},"end":{"line":128,"column":22}},"loc":{"start":{"line":128,"column":44},"end":{"line":133,"column":5}}},"11":{"name":"(anonymous_11)","decl":{"start":{"line":135,"column":4},"end":{"line":135,"column":25}},"loc":{"start":{"line":135,"column":48},"end":{"line":142,"column":5}}},"12":{"name":"(anonymous_12)","decl":{"start":{"line":141,"column":24},"end":{"line":141,"column":25}},"loc":{"start":{"line":141,"column":34},"end":{"line":141,"column":39}}},"13":{"name":"(anonymous_13)","decl":{"start":{"line":144,"column":4},"end":{"line":144,"column":17}},"loc":{"start":{"line":144,"column":39},"end":{"line":151,"column":5}}},"14":{"name":"(anonymous_14)","decl":{"start":{"line":153,"column":4},"end":{"line":153,"column":26}},"loc":{"start":{"line":153,"column":26},"end":{"line":155,"column":5}}},"15":{"name":"(anonymous_15)","decl":{"start":{"line":157,"column":4},"end":{"line":157,"column":16}},"loc":{"start":{"line":157,"column":16},"end":{"line":163,"column":5}}}},"branchMap":{"0":{"loc":{"start":{"line":18,"column":4},"end":{"line":20,"column":5}},"type":"if","locations":[{"start":{"line":18,"column":4},"end":{"line":20,"column":5}},{"start":{},"end":{}}]},"1":{"loc":{"start":{"line":18,"column":8},"end":{"line":18,"column":47}},"type":"binary-expr","locations":[{"start":{"line":18,"column":8},"end":{"line":18,"column":28}},{"start":{"line":18,"column":32},"end":{"line":18,"column":37}},{"start":{"line":18,"column":41},"end":{"line":18,"column":47}}]},"2":{"loc":{"start":{"line":53,"column":8},"end":{"line":56,"column":9}},"type":"if","locations":[{"start":{"line":53,"column":8},"end":{"line":56,"column":9}},{"start":{},"end":{}}]},"3":{"loc":{"start":{"line":72,"column":12},"end":{"line":76,"column":13}},"type":"if","locations":[{"start":{"line":72,"column":12},"end":{"line":76,"column":13}},{"start":{},"end":{}}]},"4":{"loc":{"start":{"line":85,"column":8},"end":{"line":87,"column":9}},"type":"if","locations":[{"start":{"line":85,"column":8},"end":{"line":87,"column":9}},{"start":{},"end":{}}]},"5":{"loc":{"start":{"line":85,"column":12},"end":{"line":85,"column":39}},"type":"binary-expr","locations":[{"start":{"line":85,"column":12},"end":{"line":85,"column":24}},{"start":{"line":85,"column":28},"end":{"line":85,"column":39}}]},"6":{"loc":{"start":{"line":91,"column":12},"end":{"line":93,"column":13}},"type":"if","locations":[{"start":{"line":91,"column":12},"end":{"line":93,"column":13}},{"start":{},"end":{}}]},"7":{"loc":{"start":{"line":109,"column":8},"end":{"line":109,"column":82}},"type":"if","locations":[{"start":{"line":109,"column":8},"end":{"line":109,"column":82}},{"start":{},"end":{}}]},"8":{"loc":{"start":{"line":112,"column":8},"end":{"line":112,"column":120}},"type":"if","locations":[{"start":{"line":112,"column":8},"end":{"line":112,"column":120}},{"start":{},"end":{}}]},"9":{"loc":{"start":{"line":122,"column":8},"end":{"line":122,"column":117}},"type":"if","locations":[{"start":{"line":122,"column":8},"end":{"line":122,"column":117}},{"start":{},"end":{}}]},"10":{"loc":{"start":{"line":131,"column":8},"end":{"line":131,"column":35}},"type":"if","locations":[{"start":{"line":131,"column":8},"end":{"line":131,"column":35}},{"start":{},"end":{}}]},"11":{"loc":{"start":{"line":136,"column":8},"end":{"line":136,"column":108}},"type":"if","locations":[{"start":{"line":136,"column":8},"end":{"line":136,"column":108}},{"start":{},"end":{}}]},"12":{"loc":{"start":{"line":139,"column":12},"end":{"line":139,"column":54}},"type":"if","locations":[{"start":{"line":139,"column":12},"end":{"line":139,"column":54}},{"start":{},"end":{}}]},"13":{"loc":{"start":{"line":147,"column":8},"end":{"line":147,"column":35}},"type":"if","locations":[{"start":{"line":147,"column":8},"end":{"line":147,"column":35}},{"start":{},"end":{}}]},"14":{"loc":{"start":{"line":149,"column":8},"end":{"line":149,"column":90}},"type":"if","locations":[{"start":{"line":149,"column":8},"end":{"line":149,"column":90}},{"start":{},"end":{}}]}},"s":{"0":1,"1":1,"2":36,"3":3,"4":26,"5":26,"6":26,"7":47,"8":47,"9":47,"10":47,"11":4700,"12":59,"13":59,"14":59,"15":59,"16":59,"17":0,"18":26,"19":26,"20":5,"21":5,"22":21,"23":21,"24":2,"25":2,"26":2,"27":2,"28":0,"29":0,"30":0,"31":19,"32":19,"33":35,"34":0,"35":35,"36":35,"37":16,"38":1,"39":34,"40":34,"41":34,"42":34,"43":6,"44":26,"45":26,"46":26,"47":1,"48":25,"49":25,"50":1,"51":24,"52":24,"53":24,"54":2,"55":2,"56":2,"57":1,"58":1,"59":1,"60":1,"61":3,"62":3,"63":3,"64":1,"65":2,"66":2,"67":0,"68":2,"69":2,"70":200,"71":5,"72":2,"73":3,"74":5,"75":2,"76":2,"77":1,"78":1,"79":1,"80":0,"81":1,"82":6,"83":2,"84":2,"85":2,"86":2,"87":2,"88":1},"f":{"0":36,"1":26,"2":47,"3":59,"4":26,"5":2,"6":35,"7":6,"8":26,"9":2,"10":3,"11":2,"12":3,"13":5,"14":6,"15":2},"b":{"0":[3,33],"1":[36,35,34],"2":[5,21],"3":[0,2],"4":[0,35],"5":[35,35],"6":[1,15],"7":[1,25],"8":[1,24],"9":[1,1],"10":[1,2],"11":[0,2],"12":[5,195],"13":[1,1],"14":[0,1]}}
,"C:\\Users\\PcVIP\\Desktop\\Opcion-A-Sorteo-de-la-Cesta-de-Navidad\\sorteo-frontend\\src\\counter.ts": {"path":"C:\\Users\\PcVIP\\Desktop\\Opcion-A-Sorteo-de-la-Cesta-de-Navidad\\sorteo-frontend\\src\\counter.ts","statementMap":{"0":{"start":{"line":1,"column":0},"end":{"line":1,"column":16}},"1":{"start":{"line":2,"column":16},"end":{"line":2,"column":17}},"2":{"start":{"line":3,"column":21},"end":{"line":6,"column":3}},"3":{"start":{"line":4,"column":4},"end":{"line":4,"column":null}},"4":{"start":{"line":5,"column":4},"end":{"line":5,"column":null}},"5":{"start":{"line":7,"column":2},"end":{"line":7,"column":null}},"6":{"start":{"line":7,"column":42},"end":{"line":7,"column":65}},"7":{"start":{"line":8,"column":2},"end":{"line":8,"column":null}}},"fnMap":{"0":{"name":"setupCounter","decl":{"start":{"line":1,"column":16},"end":{"line":1,"column":28}},"loc":{"start":{"line":1,"column":55},"end":{"line":9,"column":1}}},"1":{"name":"(anonymous_1)","decl":{"start":{"line":3,"column":21},"end":{"line":3,"column":22}},"loc":{"start":{"line":3,"column":39},"end":{"line":6,"column":3}}},"2":{"name":"(anonymous_2)","decl":{"start":{"line":7,"column":36},"end":{"line":7,"column":39}},"loc":{"start":{"line":7,"column":42},"end":{"line":7,"column":65}}}},"branchMap":{},"s":{"0":0,"1":0,"2":0,"3":0,"4":0,"5":0,"6":0,"7":0},"f":{"0":0,"1":0,"2":0},"b":{}}
}
