TN:
SF:src\Participante.ts
FN:6,genId
FN:11,isValidEmail
FN:22,(anonymous_2)
FNF:3
FNH:2
FNDA:0,genId
FNDA:5,isValidEmail
FNDA:9,(anonymous_2)
DA:2,1
DA:5,1
DA:7,0
DA:8,0
DA:12,5
DA:13,5
DA:16,1
DA:24,9
DA:25,9
DA:28,9
DA:29,4
DA:33,5
DA:34,2
DA:38,3
DA:39,3
DA:40,3
DA:41,3
LF:17
LH:15
BRDA:24,0,0,9
BRDA:24,0,1,0
BRDA:25,1,0,9
BRDA:25,1,1,0
BRDA:28,2,0,4
BRDA:28,2,1,5
BRDA:28,3,0,9
BRDA:28,3,1,7
BRDA:33,4,0,2
BRDA:33,4,1,3
BRDA:38,5,0,3
BRDA:38,5,1,0
BRF:12
BRH:9
end_of_record
TN:
SF:src\Sorteo.ts
FN:17,validateNumero
FN:27,(anonymous_1)
FN:31,(anonymous_2)
FN:37,(anonymous_3)
FN:50,(anonymous_4)
FN:63,(anonymous_5)
FN:84,(anonymous_6)
FN:102,(anonymous_7)
FN:106,(anonymous_8)
FN:119,(anonymous_9)
FN:128,(anonymous_10)
FN:135,(anonymous_11)
FN:141,(anonymous_12)
FN:144,(anonymous_13)
FN:153,(anonymous_14)
FN:157,(anonymous_15)
FNF:16
FNH:16
FNDA:36,validateNumero
FNDA:26,(anonymous_1)
FNDA:47,(anonymous_2)
FNDA:59,(anonymous_3)
FNDA:26,(anonymous_4)
FNDA:2,(anonymous_5)
FNDA:35,(anonymous_6)
FNDA:6,(anonymous_7)
FNDA:26,(anonymous_8)
FNDA:2,(anonymous_9)
FNDA:3,(anonymous_10)
FNDA:2,(anonymous_11)
FNDA:3,(anonymous_12)
FNDA:5,(anonymous_13)
FNDA:6,(anonymous_14)
FNDA:2,(anonymous_15)
DA:8,1
DA:9,1
DA:18,36
DA:19,3
DA:23,1
DA:24,26
DA:25,26
DA:28,26
DA:32,47
DA:33,47
DA:34,4700
DA:38,59
DA:40,59
DA:41,59
DA:43,59
DA:44,59
DA:46,0
DA:51,26
DA:53,26
DA:54,5
DA:55,5
DA:58,21
DA:59,21
DA:62,2
DA:64,2
DA:69,2
DA:72,2
DA:73,0
DA:74,0
DA:75,0
DA:79,19
DA:80,19
DA:85,35
DA:86,0
DA:89,35
DA:90,35
DA:91,16
DA:92,1
DA:96,34
DA:97,34
DA:98,34
DA:99,34
DA:103,6
DA:107,26
DA:108,26
DA:109,26
DA:111,25
DA:112,25
DA:114,24
DA:115,24
DA:116,24
DA:120,2
DA:121,2
DA:122,2
DA:123,1
DA:124,1
DA:125,1
DA:129,3
DA:130,3
DA:131,3
DA:132,2
DA:136,2
DA:137,2
DA:138,2
DA:139,200
DA:141,3
DA:145,5
DA:146,2
DA:147,2
DA:148,1
DA:149,1
DA:150,1
DA:154,6
DA:158,2
DA:159,2
DA:160,2
DA:161,2
DA:162,2
LF:78
LH:73
BRDA:18,0,0,3
BRDA:18,0,1,33
BRDA:18,1,0,36
BRDA:18,1,1,35
BRDA:18,1,2,34
BRDA:53,2,0,5
BRDA:53,2,1,21
BRDA:72,3,0,0
BRDA:72,3,1,2
BRDA:85,4,0,0
BRDA:85,4,1,35
BRDA:85,5,0,35
BRDA:85,5,1,35
BRDA:91,6,0,1
BRDA:91,6,1,15
BRDA:109,7,0,1
BRDA:109,7,1,25
BRDA:112,8,0,1
BRDA:112,8,1,24
BRDA:122,9,0,1
BRDA:122,9,1,1
BRDA:131,10,0,1
BRDA:131,10,1,2
BRDA:136,11,0,0
BRDA:136,11,1,2
BRDA:139,12,0,5
BRDA:139,12,1,195
BRDA:147,13,0,1
BRDA:147,13,1,1
BRDA:149,14,0,0
BRDA:149,14,1,1
BRF:31
BRH:27
end_of_record
TN:
SF:src\counter.ts
FN:1,setupCounter
FN:3,(anonymous_1)
FN:7,(anonymous_2)
FNF:3
FNH:0
FNDA:0,setupCounter
FNDA:0,(anonymous_1)
FNDA:0,(anonymous_2)
DA:1,0
DA:2,0
DA:3,0
DA:4,0
DA:5,0
DA:7,0
DA:8,0
LF:7
LH:0
BRF:0
BRH:0
end_of_record
